<?xml version="1.0" encoding="UTF-8"?>
<!-- Generated by org.testng.reporters.JUnitXMLReporter -->
<testsuite ignored="0" hostname="SYSTEMS369" failures="0" tests="4" name="Test" time="0.077" errors="0" timestamp="2022-08-10T14:25:22 IST">
  <testcase classname="qaclickacademy.AppiumTest" name="Iosapps" time="0.013"/>
  <testcase classname="qaclickacademy.AppiumTest" name="Nativeappandroid" time="0.003"/>
  <testcase classname="qaclickacademy.SeleniumTest" name="BrowserAutomation" time="0.003"/>
  <testcase classname="qaclickacademy.SeleniumTest" name="elementsUi" time="0.003"/>
</testsuite> <!-- Test -->
