<?xml version="1.0" encoding="UTF-8"?>
<!-- Generated by org.testng.reporters.JUnitXMLReporter -->
<testsuite ignored="0" hostname="SYSTEMS369" failures="0" tests="6" name="Test" time="0.084" errors="0" timestamp="2022-08-13T16:01:24 IST">
  <testcase classname="qaclickacademy.AppiumTest" name="Iosapps" time="0.008"/>
  <testcase classname="qaclickacademy.AppiumTest" name="Nativeappandroid" time="0.001"/>
  <testcase classname="qaclickacademy.SeleniumTest" name="BrowserAutomation" time="0.001"/>
  <testcase classname="qaclickacademy.SeleniumTest" name="elementsUi" time="0.002"/>
  <testcase classname="qaclickacademy.RESTAPITest" name="deleterTwitter" time="0.002"/>
  <testcase classname="qaclickacademy.RESTAPITest" name="postJira" time="0.001"/>
</testsuite> <!-- Test -->
