<?xml version="1.0" encoding="UTF-8"?>
<testng-results ignored="0" total="4" passed="4" failed="0" skipped="0">
  <reporter-output>
  </reporter-output>
  <suite started-at="2022-08-10T14:25:22 IST" name="Suite" finished-at="2022-08-10T14:25:22 IST" duration-ms="77">
    <groups>
    </groups>
    <test started-at="2022-08-10T14:25:22 IST" name="Test" finished-at="2022-08-10T14:25:22 IST" duration-ms="77">
      <class name="qaclickacademy.AppiumTest">
        <test-method signature="Iosapps()[pri:0, instance:qaclickacademy.AppiumTest@7193666c]" started-at="2022-08-10T14:25:22 IST" name="Iosapps" finished-at="2022-08-10T14:25:22 IST" duration-ms="13" status="PASS">
          <reporter-output>
          </reporter-output>
        </test-method> <!-- Iosapps -->
        <test-method signature="Nativeappandroid()[pri:0, instance:qaclickacademy.AppiumTest@7193666c]" started-at="2022-08-10T14:25:22 IST" name="Nativeappandroid" finished-at="2022-08-10T14:25:22 IST" duration-ms="3" status="PASS">
          <reporter-output>
          </reporter-output>
        </test-method> <!-- Nativeappandroid -->
      </class> <!-- qaclickacademy.AppiumTest -->
      <class name="qaclickacademy.SeleniumTest">
        <test-method signature="BrowserAutomation()[pri:0, instance:qaclickacademy.SeleniumTest@5f058f00]" started-at="2022-08-10T14:25:22 IST" name="BrowserAutomation" finished-at="2022-08-10T14:25:22 IST" duration-ms="3" status="PASS">
          <reporter-output>
          </reporter-output>
        </test-method> <!-- BrowserAutomation -->
        <test-method signature="elementsUi()[pri:0, instance:qaclickacademy.SeleniumTest@5f058f00]" started-at="2022-08-10T14:25:22 IST" name="elementsUi" finished-at="2022-08-10T14:25:22 IST" duration-ms="3" status="PASS">
          <reporter-output>
          </reporter-output>
        </test-method> <!-- elementsUi -->
      </class> <!-- qaclickacademy.SeleniumTest -->
    </test> <!-- Test -->
  </suite> <!-- Suite -->
</testng-results>
